<?xml version="1.0" encoding="UTF-8"?>
<testng-results skipped="0" failed="0" ignored="0" total="1" passed="1">
  <reporter-output>
  </reporter-output>
  <suite name="com.shiv.quetzal.New_Test" duration-ms="307494" started-at="2017-04-28T11:53:44Z" finished-at="2017-04-28T11:58:52Z">
    <groups>
    </groups>
    <test name="Command line test" duration-ms="307494" started-at="2017-04-28T11:53:44Z" finished-at="2017-04-28T11:58:52Z">
      <class name="com.shiv.quetzal.New_Test">
        <test-method status="PASS" signature="setUp()[pri:0, instance:com.shiv.quetzal.New_Test@735f7ae5]" name="setUp" is-config="true" duration-ms="5201" started-at="2017-04-28T17:23:39Z" finished-at="2017-04-28T17:23:44Z">
          <reporter-output>
          </reporter-output>
        </test-method> <!-- setUp -->
        <test-method status="PASS" signature="sampleTest()[pri:0, instance:com.shiv.quetzal.New_Test@735f7ae5]" name="sampleTest" duration-ms="307471" started-at="2017-04-28T17:23:44Z" finished-at="2017-04-28T17:28:52Z">
          <reporter-output>
          </reporter-output>
        </test-method> <!-- sampleTest -->
        <test-method status="PASS" signature="tearDownTest()[pri:0, instance:com.shiv.quetzal.New_Test@735f7ae5]" name="tearDownTest" is-config="true" duration-ms="2437" started-at="2017-04-28T17:28:52Z" finished-at="2017-04-28T17:28:54Z">
          <reporter-output>
          </reporter-output>
        </test-method> <!-- tearDownTest -->
      </class> <!-- com.shiv.quetzal.New_Test -->
    </test> <!-- Command line test -->
  </suite> <!-- com.shiv.quetzal.New_Test -->
</testng-results>
