<?xml version="1.0" encoding="UTF-8"?>
<testng-results skipped="0" failed="0" ignored="0" total="1" passed="1">
  <reporter-output>
    <line>
      <![CDATA[Setting UP Driver]]>
    </line>
    <line>
      <![CDATA[Test Success`]]>
    </line>
  </reporter-output>
  <suite name="Default suite" duration-ms="48869" started-at="2017-07-01T11:32:36Z" finished-at="2017-07-01T11:33:25Z">
    <groups>
    </groups>
    <test name="Default test" duration-ms="48869" started-at="2017-07-01T11:32:36Z" finished-at="2017-07-01T11:33:25Z">
      <class name="com.shiv.quetzal.New_Test">
        <test-method status="PASS" signature="setUp()[pri:0, instance:com.shiv.quetzal.New_Test@6a4f787b]" name="setUp" is-config="true" duration-ms="3088" started-at="2017-07-01T17:02:33Z" finished-at="2017-07-01T17:02:36Z">
          <reporter-output>
          </reporter-output>
        </test-method> <!-- setUp -->
        <test-method status="PASS" signature="sampleTest()[pri:0, instance:com.shiv.quetzal.New_Test@6a4f787b]" name="sampleTest" duration-ms="48382" started-at="2017-07-01T17:02:36Z" finished-at="2017-07-01T17:03:25Z">
          <reporter-output>
            <line>
              <![CDATA[Setting UP Driver]]>
            </line>
            <line>
              <![CDATA[Test Success`]]>
            </line>
          </reporter-output>
        </test-method> <!-- sampleTest -->
        <test-method status="PASS" signature="tearDownTest()[pri:0, instance:com.shiv.quetzal.New_Test@6a4f787b]" name="tearDownTest" is-config="true" duration-ms="1055" started-at="2017-07-01T17:03:25Z" finished-at="2017-07-01T17:03:26Z">
          <reporter-output>
          </reporter-output>
        </test-method> <!-- tearDownTest -->
      </class> <!-- com.shiv.quetzal.New_Test -->
    </test> <!-- Default test -->
  </suite> <!-- Default suite -->
</testng-results>
